[0m00:18:27.604574 [debug] [MainThread]: Sending event: {'category': 'dbt', 'action': 'invocation', 'label': 'start', 'context': [<snowplow_tracker.self_describing_json.SelfDescribingJson object at 0x105db6a20>, <snowplow_tracker.self_describing_json.SelfDescribingJson object at 0x105dede80>, <snowplow_tracker.self_describing_json.SelfDescribingJson object at 0x106917ef0>]}


============================== 00:18:27.607230 | 897d02e0-62e0-47ef-ad89-964c877a730f ==============================
[0m00:18:27.607230 [info ] [MainThread]: Running with dbt=1.9.4
[0m00:18:27.607484 [debug] [MainThread]: running dbt with arguments {'printer_width': '80', 'indirect_selection': 'eager', 'write_json': 'True', 'log_cache_events': 'False', 'partial_parse': 'True', 'cache_selected_only': 'False', 'profiles_dir': '/Users/santhoshlingappa/.dbt', 'fail_fast': 'False', 'debug': 'False', 'log_path': 'logs', 'warn_error': 'None', 'version_check': 'True', 'use_colors': 'True', 'use_experimental_parser': 'False', 'empty': 'None', 'quiet': 'False', 'no_print': 'None', 'log_format': 'default', 'introspect': 'True', 'static_parser': 'True', 'warn_error_options': 'WarnErrorOptions(include=[], exclude=[])', 'target_path': 'None', 'invocation_command': 'dbt init', 'send_anonymous_usage_stats': 'True'}
[0m00:18:41.256523 [debug] [MainThread]: Starter project path: /Library/Frameworks/Python.framework/Versions/3.12/lib/python3.12/site-packages/dbt/include/starter_project
[0m00:18:41.272604 [info ] [MainThread]: 
Your new dbt project "dbt_learn_repos" was created!

For more information on how to configure the profiles.yml file,
please consult the dbt documentation here:

  https://docs.getdbt.com/docs/configure-your-profile

One more thing:

Need help? Don't hesitate to reach out to us via GitHub issues or on Slack:

  https://community.getdbt.com/

Happy modeling!

[0m00:18:41.273150 [info ] [MainThread]: Setting up your profile.
[0m00:21:34.331603 [info ] [MainThread]: Profile dbt_learn_repos written to /Users/santhoshlingappa/.dbt/profiles.yml using target's profile_template.yml and your supplied values. Run 'dbt debug' to validate the connection.
[0m00:21:34.365044 [debug] [MainThread]: Resource report: {"command_name": "init", "command_success": true, "command_wall_clock_time": 186.79716, "process_in_blocks": "0", "process_kernel_time": 0.14538, "process_mem_max_rss": "100188160", "process_out_blocks": "0", "process_user_time": 0.56882}
[0m00:21:34.366562 [debug] [MainThread]: Command `dbt init` succeeded at 00:21:34.365907 after 186.80 seconds
[0m00:21:34.367828 [debug] [MainThread]: Sending event: {'category': 'dbt', 'action': 'invocation', 'label': 'end', 'context': [<snowplow_tracker.self_describing_json.SelfDescribingJson object at 0x106119be0>, <snowplow_tracker.self_describing_json.SelfDescribingJson object at 0x1061af230>, <snowplow_tracker.self_describing_json.SelfDescribingJson object at 0x107042450>]}
[0m00:21:34.369388 [debug] [MainThread]: Flushing usage events
[0m00:21:34.545336 [debug] [MainThread]: An error was encountered while trying to flush usage events
[0m00:38:24.944058 [debug] [MainThread]: Sending event: {'category': 'dbt', 'action': 'invocation', 'label': 'start', 'context': [<snowplow_tracker.self_describing_json.SelfDescribingJson object at 0x1067d62a0>, <snowplow_tracker.self_describing_json.SelfDescribingJson object at 0x106f18350>, <snowplow_tracker.self_describing_json.SelfDescribingJson object at 0x106f18170>]}


============================== 00:38:24.946661 | f54ed75f-0908-4d37-8c60-6950c9524317 ==============================
[0m00:38:24.946661 [info ] [MainThread]: Running with dbt=1.9.4
[0m00:38:24.946908 [debug] [MainThread]: running dbt with arguments {'printer_width': '80', 'indirect_selection': 'eager', 'log_cache_events': 'False', 'write_json': 'True', 'partial_parse': 'True', 'cache_selected_only': 'False', 'warn_error': 'None', 'debug': 'False', 'profiles_dir': '/Users/santhoshlingappa/.dbt', 'log_path': '/Users/santhoshlingappa/dbt_learn/dbt_learn_repos/logs', 'fail_fast': 'False', 'version_check': 'True', 'use_colors': 'True', 'use_experimental_parser': 'False', 'no_print': 'None', 'quiet': 'False', 'empty': 'None', 'log_format': 'default', 'invocation_command': 'dbt debug', 'introspect': 'True', 'warn_error_options': 'WarnErrorOptions(include=[], exclude=[])', 'target_path': 'None', 'static_parser': 'True', 'send_anonymous_usage_stats': 'True'}
[0m00:38:24.954556 [info ] [MainThread]: dbt version: 1.9.4
[0m00:38:24.954698 [info ] [MainThread]: python version: 3.12.8
[0m00:38:24.954796 [info ] [MainThread]: python path: /Library/Frameworks/Python.framework/Versions/3.12/bin/python3.12
[0m00:38:24.954885 [info ] [MainThread]: os info: macOS-14.6-arm64-arm-64bit
[0m00:38:25.078749 [info ] [MainThread]: Using profiles dir at /Users/santhoshlingappa/.dbt
[0m00:38:25.078962 [info ] [MainThread]: Using profiles.yml file at /Users/santhoshlingappa/.dbt/profiles.yml
[0m00:38:25.079066 [info ] [MainThread]: Using dbt_project.yml file at /Users/santhoshlingappa/dbt_learn/dbt_learn_repos/dbt_project.yml
[0m00:38:25.079257 [info ] [MainThread]: adapter type: snowflake
[0m00:38:25.079352 [info ] [MainThread]: adapter version: 1.9.2
[0m00:38:25.110203 [info ] [MainThread]: Configuration:
[0m00:38:25.110357 [info ] [MainThread]:   profiles.yml file [[32mOK found and valid[0m]
[0m00:38:25.110457 [info ] [MainThread]:   dbt_project.yml file [[32mOK found and valid[0m]
[0m00:38:25.110545 [info ] [MainThread]: Required dependencies:
[0m00:38:25.110670 [debug] [MainThread]: Executing "git --help"
[0m00:38:25.122751 [debug] [MainThread]: STDOUT: "b"usage: git [-v | --version] [-h | --help] [-C <path>] [-c <name>=<value>]\n           [--exec-path[=<path>]] [--html-path] [--man-path] [--info-path]\n           [-p | --paginate | -P | --no-pager] [--no-replace-objects] [--no-lazy-fetch]\n           [--no-optional-locks] [--no-advice] [--bare] [--git-dir=<path>]\n           [--work-tree=<path>] [--namespace=<name>] [--config-env=<name>=<envvar>]\n           <command> [<args>]\n\nThese are common Git commands used in various situations:\n\nstart a working area (see also: git help tutorial)\n   clone      Clone a repository into a new directory\n   init       Create an empty Git repository or reinitialize an existing one\n\nwork on the current change (see also: git help everyday)\n   add        Add file contents to the index\n   mv         Move or rename a file, a directory, or a symlink\n   restore    Restore working tree files\n   rm         Remove files from the working tree and from the index\n\nexamine the history and state (see also: git help revisions)\n   bisect     Use binary search to find the commit that introduced a bug\n   diff       Show changes between commits, commit and working tree, etc\n   grep       Print lines matching a pattern\n   log        Show commit logs\n   show       Show various types of objects\n   status     Show the working tree status\n\ngrow, mark and tweak your common history\n   backfill   Download missing objects in a partial clone\n   branch     List, create, or delete branches\n   commit     Record changes to the repository\n   merge      Join two or more development histories together\n   rebase     Reapply commits on top of another base tip\n   reset      Reset current HEAD to the specified state\n   switch     Switch branches\n   tag        Create, list, delete or verify a tag object signed with GPG\n\ncollaborate (see also: git help workflows)\n   fetch      Download objects and refs from another repository\n   pull       Fetch from and integrate with another repository or a local branch\n   push       Update remote refs along with associated objects\n\n'git help -a' and 'git help -g' list available subcommands and some\nconcept guides. See 'git help <command>' or 'git help <concept>'\nto read about a specific subcommand or concept.\nSee 'git help git' for an overview of the system.\n""
[0m00:38:25.123159 [debug] [MainThread]: STDERR: "b''"
[0m00:38:25.123295 [info ] [MainThread]:  - git [[32mOK found[0m]

[0m00:38:25.123414 [info ] [MainThread]: Connection:
[0m00:38:25.123538 [info ] [MainThread]:   account: URSDRHO-QFB13151
[0m00:38:25.123634 [info ] [MainThread]:   user: sanlin1
[0m00:38:25.123716 [info ] [MainThread]:   database: dev
[0m00:38:25.123796 [info ] [MainThread]:   warehouse: compute_wh
[0m00:38:25.123874 [info ] [MainThread]:   role: accountadmin
[0m00:38:25.123953 [info ] [MainThread]:   schema: bronze_airbnb
[0m00:38:25.124035 [info ] [MainThread]:   authenticator: None
[0m00:38:25.124110 [info ] [MainThread]:   oauth_client_id: None
[0m00:38:25.124188 [info ] [MainThread]:   query_tag: None
[0m00:38:25.124266 [info ] [MainThread]:   client_session_keep_alive: False
[0m00:38:25.124344 [info ] [MainThread]:   host: None
[0m00:38:25.124422 [info ] [MainThread]:   port: None
[0m00:38:25.124499 [info ] [MainThread]:   proxy_host: None
[0m00:38:25.124574 [info ] [MainThread]:   proxy_port: None
[0m00:38:25.124649 [info ] [MainThread]:   protocol: None
[0m00:38:25.124726 [info ] [MainThread]:   connect_retries: 1
[0m00:38:25.124800 [info ] [MainThread]:   connect_timeout: None
[0m00:38:25.124877 [info ] [MainThread]:   retry_on_database_errors: False
[0m00:38:25.124953 [info ] [MainThread]:   retry_all: False
[0m00:38:25.125027 [info ] [MainThread]:   insecure_mode: False
[0m00:38:25.125104 [info ] [MainThread]:   reuse_connections: True
[0m00:38:25.125364 [info ] [MainThread]: Registered adapter: snowflake=1.9.2
[0m00:38:25.203260 [debug] [MainThread]: Acquiring new snowflake connection 'debug'
[0m00:38:25.222813 [debug] [MainThread]: Using snowflake connection "debug"
[0m00:38:25.222965 [debug] [MainThread]: On debug: select 1 as id
[0m00:38:25.223052 [debug] [MainThread]: Opening a new connection, currently in state init
[0m00:38:27.056686 [debug] [MainThread]: SQL status: SUCCESS 1 in 1.833 seconds
[0m00:38:27.059277 [info ] [MainThread]:   Connection test: [[32mOK connection ok[0m]

[0m00:38:27.059884 [info ] [MainThread]: [32mAll checks passed![0m
[0m00:38:27.063779 [debug] [MainThread]: Resource report: {"command_name": "debug", "command_success": true, "command_wall_clock_time": 2.1488335, "process_in_blocks": "0", "process_kernel_time": 0.166612, "process_mem_max_rss": "138166272", "process_out_blocks": "0", "process_user_time": 0.798344}
[0m00:38:27.064159 [debug] [MainThread]: Command `dbt debug` succeeded at 00:38:27.064064 after 2.15 seconds
[0m00:38:27.064433 [debug] [MainThread]: Connection 'debug' was left open.
[0m00:38:27.064652 [debug] [MainThread]: On debug: Close
[0m00:38:27.214436 [debug] [MainThread]: Sending event: {'category': 'dbt', 'action': 'invocation', 'label': 'end', 'context': [<snowplow_tracker.self_describing_json.SelfDescribingJson object at 0x106ebf020>, <snowplow_tracker.self_describing_json.SelfDescribingJson object at 0x1079e0ad0>, <snowplow_tracker.self_describing_json.SelfDescribingJson object at 0x1079e0cb0>]}
[0m00:38:27.215373 [debug] [MainThread]: Flushing usage events
[0m00:38:27.365299 [debug] [MainThread]: An error was encountered while trying to flush usage events
